{"/spotify-radio/server/config.js": {"path":"/spotify-radio/server/config.js","statementMap":{"0":{"start":{"line":4,"column":19},"end":{"line":4,"column":58}},"1":{"start":{"line":5,"column":13},"end":{"line":5,"column":36}},"2":{"start":{"line":6,"column":23},"end":{"line":6,"column":42}},"3":{"start":{"line":7,"column":24},"end":{"line":7,"column":44}},"4":{"start":{"line":8,"column":23},"end":{"line":8,"column":52}}},"fnMap":{},"branchMap":{"0":{"loc":{"start":{"line":11,"column":7},"end":{"line":11,"column":31}},"type":"binary-expr","locations":[{"start":{"line":11,"column":7},"end":{"line":11,"column":23}},{"start":{"line":11,"column":27},"end":{"line":11,"column":31}}],"line":11}},"s":{"0":1,"1":1,"2":1,"3":1,"4":1},"f":{},"b":{"0":[1,1]},"_coverageSchema":"1a1c01bbd47fc00a2c39e90264f33305004495a9","hash":"400925a3d366f0dcb1a44bbcb4bca4b74298ee99"}
,"/spotify-radio/server/controller.js": {"path":"/spotify-radio/server/controller.js","statementMap":{"0":{"start":{"line":7,"column":2},"end":{"line":7,"column":31}},"1":{"start":{"line":11,"column":2},"end":{"line":11,"column":46}},"2":{"start":{"line":15,"column":2},"end":{"line":15,"column":45}},"3":{"start":{"line":16,"column":14},"end":{"line":16,"column":35}},"4":{"start":{"line":18,"column":17},"end":{"line":20,"column":3}},"5":{"start":{"line":22,"column":2},"end":{"line":25,"column":3}},"6":{"start":{"line":23,"column":3},"end":{"line":23,"column":34}},"7":{"start":{"line":24,"column":3},"end":{"line":24,"column":17}},"8":{"start":{"line":27,"column":2},"end":{"line":30,"column":3}},"9":{"start":{"line":28,"column":3},"end":{"line":28,"column":33}},"10":{"start":{"line":29,"column":3},"end":{"line":29,"column":17}},"11":{"start":{"line":34,"column":31},"end":{"line":34,"column":64}},"12":{"start":{"line":36,"column":18},"end":{"line":39,"column":3}},"13":{"start":{"line":37,"column":3},"end":{"line":37,"column":46}},"14":{"start":{"line":38,"column":3},"end":{"line":38,"column":39}},"15":{"start":{"line":41,"column":2},"end":{"line":44,"column":4}}},"fnMap":{"0":{"name":"(anonymous_0)","decl":{"start":{"line":6,"column":1},"end":{"line":6,"column":2}},"loc":{"start":{"line":6,"column":15},"end":{"line":8,"column":2}},"line":6},"1":{"name":"(anonymous_1)","decl":{"start":{"line":10,"column":1},"end":{"line":10,"column":2}},"loc":{"start":{"line":10,"column":30},"end":{"line":12,"column":2}},"line":10},"2":{"name":"(anonymous_2)","decl":{"start":{"line":14,"column":1},"end":{"line":14,"column":2}},"loc":{"start":{"line":14,"column":33},"end":{"line":31,"column":2}},"line":14},"3":{"name":"(anonymous_3)","decl":{"start":{"line":33,"column":1},"end":{"line":33,"column":2}},"loc":{"start":{"line":33,"column":22},"end":{"line":45,"column":2}},"line":33},"4":{"name":"(anonymous_4)","decl":{"start":{"line":36,"column":18},"end":{"line":36,"column":19}},"loc":{"start":{"line":36,"column":24},"end":{"line":39,"column":3}},"line":36}},"branchMap":{"0":{"loc":{"start":{"line":22,"column":2},"end":{"line":25,"column":3}},"type":"if","locations":[{"start":{"line":22,"column":2},"end":{"line":25,"column":3}},{"start":{},"end":{}}],"line":22},"1":{"loc":{"start":{"line":27,"column":2},"end":{"line":30,"column":3}},"type":"if","locations":[{"start":{"line":27,"column":2},"end":{"line":30,"column":3}},{"start":{},"end":{}}],"line":27}},"s":{"0":1,"1":0,"2":0,"3":0,"4":0,"5":0,"6":0,"7":0,"8":0,"9":0,"10":0,"11":0,"12":0,"13":0,"14":0,"15":0},"f":{"0":1,"1":0,"2":0,"3":0,"4":0},"b":{"0":[0,0],"1":[0,0]},"_coverageSchema":"1a1c01bbd47fc00a2c39e90264f33305004495a9","hash":"b67c57b314af71b9757f3e81151aa55242c3af2b"}
,"/spotify-radio/server/routes.js": {"path":"/spotify-radio/server/routes.js","statementMap":{"0":{"start":{"line":15,"column":4},"end":{"line":15,"column":10}},"1":{"start":{"line":17,"column":19},"end":{"line":17,"column":35}},"2":{"start":{"line":20,"column":25},"end":{"line":20,"column":32}},"3":{"start":{"line":22,"column":1},"end":{"line":28,"column":2}},"4":{"start":{"line":23,"column":2},"end":{"line":25,"column":5}},"5":{"start":{"line":27,"column":2},"end":{"line":27,"column":24}},"6":{"start":{"line":30,"column":1},"end":{"line":41,"column":2}},"7":{"start":{"line":31,"column":21},"end":{"line":31,"column":61}},"8":{"start":{"line":40,"column":2},"end":{"line":40,"column":31}},"9":{"start":{"line":43,"column":1},"end":{"line":47,"column":2}},"10":{"start":{"line":44,"column":21},"end":{"line":44,"column":67}},"11":{"start":{"line":46,"column":2},"end":{"line":46,"column":31}},"12":{"start":{"line":49,"column":1},"end":{"line":60,"column":2}},"13":{"start":{"line":50,"column":30},"end":{"line":50,"column":61}},"14":{"start":{"line":52,"column":2},"end":{"line":52,"column":33}},"15":{"start":{"line":53,"column":2},"end":{"line":57,"column":5}},"16":{"start":{"line":59,"column":2},"end":{"line":59,"column":31}},"17":{"start":{"line":62,"column":1},"end":{"line":72,"column":2}},"18":{"start":{"line":63,"column":15},"end":{"line":63,"column":42}},"19":{"start":{"line":64,"column":2},"end":{"line":64,"column":30}},"20":{"start":{"line":65,"column":15},"end":{"line":65,"column":31}},"21":{"start":{"line":66,"column":2},"end":{"line":66,"column":30}},"22":{"start":{"line":69,"column":17},"end":{"line":69,"column":53}},"23":{"start":{"line":71,"column":2},"end":{"line":71,"column":46}},"24":{"start":{"line":74,"column":1},"end":{"line":86,"column":2}},"25":{"start":{"line":75,"column":27},"end":{"line":75,"column":62}},"26":{"start":{"line":76,"column":23},"end":{"line":76,"column":41}},"27":{"start":{"line":78,"column":2},"end":{"line":82,"column":3}},"28":{"start":{"line":79,"column":3},"end":{"line":81,"column":6}},"29":{"start":{"line":85,"column":2},"end":{"line":85,"column":31}},"30":{"start":{"line":88,"column":1},"end":{"line":88,"column":25}},"31":{"start":{"line":89,"column":1},"end":{"line":89,"column":23}},"32":{"start":{"line":93,"column":1},"end":{"line":97,"column":2}},"33":{"start":{"line":94,"column":2},"end":{"line":94,"column":48}},"34":{"start":{"line":95,"column":2},"end":{"line":95,"column":26}},"35":{"start":{"line":96,"column":2},"end":{"line":96,"column":24}},"36":{"start":{"line":99,"column":1},"end":{"line":99,"column":52}},"37":{"start":{"line":100,"column":1},"end":{"line":100,"column":25}},"38":{"start":{"line":101,"column":1},"end":{"line":101,"column":23}},"39":{"start":{"line":105,"column":1},"end":{"line":105,"column":80}},"40":{"start":{"line":105,"column":49},"end":{"line":105,"column":78}}},"fnMap":{"0":{"name":"routes","decl":{"start":{"line":19,"column":15},"end":{"line":19,"column":21}},"loc":{"start":{"line":19,"column":41},"end":{"line":90,"column":1}},"line":19},"1":{"name":"handlerError","decl":{"start":{"line":92,"column":9},"end":{"line":92,"column":21}},"loc":{"start":{"line":92,"column":38},"end":{"line":102,"column":1}},"line":92},"2":{"name":"handler","decl":{"start":{"line":104,"column":16},"end":{"line":104,"column":23}},"loc":{"start":{"line":104,"column":43},"end":{"line":106,"column":1}},"line":104},"3":{"name":"(anonymous_3)","decl":{"start":{"line":105,"column":40},"end":{"line":105,"column":41}},"loc":{"start":{"line":105,"column":49},"end":{"line":105,"column":78}},"line":105}},"branchMap":{"0":{"loc":{"start":{"line":22,"column":1},"end":{"line":28,"column":2}},"type":"if","locations":[{"start":{"line":22,"column":1},"end":{"line":28,"column":2}},{"start":{},"end":{}}],"line":22},"1":{"loc":{"start":{"line":22,"column":4},"end":{"line":22,"column":35}},"type":"binary-expr","locations":[{"start":{"line":22,"column":4},"end":{"line":22,"column":20}},{"start":{"line":22,"column":24},"end":{"line":22,"column":35}}],"line":22},"2":{"loc":{"start":{"line":30,"column":1},"end":{"line":41,"column":2}},"type":"if","locations":[{"start":{"line":30,"column":1},"end":{"line":41,"column":2}},{"start":{},"end":{}}],"line":30},"3":{"loc":{"start":{"line":30,"column":4},"end":{"line":30,"column":39}},"type":"binary-expr","locations":[{"start":{"line":30,"column":4},"end":{"line":30,"column":20}},{"start":{"line":30,"column":24},"end":{"line":30,"column":39}}],"line":30},"4":{"loc":{"start":{"line":43,"column":1},"end":{"line":47,"column":2}},"type":"if","locations":[{"start":{"line":43,"column":1},"end":{"line":47,"column":2}},{"start":{},"end":{}}],"line":43},"5":{"loc":{"start":{"line":43,"column":4},"end":{"line":43,"column":45}},"type":"binary-expr","locations":[{"start":{"line":43,"column":4},"end":{"line":43,"column":20}},{"start":{"line":43,"column":24},"end":{"line":43,"column":45}}],"line":43},"6":{"loc":{"start":{"line":49,"column":1},"end":{"line":60,"column":2}},"type":"if","locations":[{"start":{"line":49,"column":1},"end":{"line":60,"column":2}},{"start":{},"end":{}}],"line":49},"7":{"loc":{"start":{"line":49,"column":4},"end":{"line":49,"column":47}},"type":"binary-expr","locations":[{"start":{"line":49,"column":4},"end":{"line":49,"column":20}},{"start":{"line":49,"column":24},"end":{"line":49,"column":47}}],"line":49},"8":{"loc":{"start":{"line":62,"column":1},"end":{"line":72,"column":2}},"type":"if","locations":[{"start":{"line":62,"column":1},"end":{"line":72,"column":2}},{"start":{},"end":{}}],"line":62},"9":{"loc":{"start":{"line":62,"column":4},"end":{"line":62,"column":46}},"type":"binary-expr","locations":[{"start":{"line":62,"column":4},"end":{"line":62,"column":21}},{"start":{"line":62,"column":25},"end":{"line":62,"column":46}}],"line":62},"10":{"loc":{"start":{"line":74,"column":1},"end":{"line":86,"column":2}},"type":"if","locations":[{"start":{"line":74,"column":1},"end":{"line":86,"column":2}},{"start":{},"end":{}}],"line":74},"11":{"loc":{"start":{"line":78,"column":2},"end":{"line":82,"column":3}},"type":"if","locations":[{"start":{"line":78,"column":2},"end":{"line":82,"column":3}},{"start":{},"end":{}}],"line":78},"12":{"loc":{"start":{"line":93,"column":1},"end":{"line":97,"column":2}},"type":"if","locations":[{"start":{"line":93,"column":1},"end":{"line":97,"column":2}},{"start":{},"end":{}}],"line":93}},"s":{"0":1,"1":1,"2":1,"3":1,"4":0,"5":0,"6":1,"7":0,"8":0,"9":1,"10":0,"11":0,"12":1,"13":0,"14":0,"15":0,"16":0,"17":1,"18":1,"19":1,"20":1,"21":0,"22":0,"23":0,"24":0,"25":0,"26":0,"27":0,"28":0,"29":0,"30":0,"31":0,"32":1,"33":0,"34":0,"35":0,"36":1,"37":1,"38":1,"39":1,"40":1},"f":{"0":1,"1":1,"2":1,"3":1},"b":{"0":[0,1],"1":[1,0],"2":[0,1],"3":[1,0],"4":[0,1],"5":[1,0],"6":[0,1],"7":[1,0],"8":[1,0],"9":[1,1],"10":[0,0],"11":[0,0],"12":[0,1]},"_coverageSchema":"1a1c01bbd47fc00a2c39e90264f33305004495a9","hash":"5eb1cea1fc7a16ac8e564d9710391ac2acbeeeab"}
,"/spotify-radio/server/service.js": {"path":"/spotify-radio/server/service.js","statementMap":{"0":{"start":{"line":23,"column":3},"end":{"line":23,"column":9}},"1":{"start":{"line":28,"column":2},"end":{"line":28,"column":33}},"2":{"start":{"line":29,"column":2},"end":{"line":29,"column":41}},"3":{"start":{"line":30,"column":2},"end":{"line":30,"column":27}},"4":{"start":{"line":31,"column":2},"end":{"line":31,"column":30}},"5":{"start":{"line":32,"column":2},"end":{"line":32,"column":28}},"6":{"start":{"line":37,"column":13},"end":{"line":37,"column":25}},"7":{"start":{"line":38,"column":23},"end":{"line":38,"column":40}},"8":{"start":{"line":40,"column":2},"end":{"line":40,"column":43}},"9":{"start":{"line":42,"column":2},"end":{"line":45,"column":4}},"10":{"start":{"line":49,"column":2},"end":{"line":49,"column":32}},"11":{"start":{"line":53,"column":2},"end":{"line":67,"column":5}},"12":{"start":{"line":55,"column":4},"end":{"line":63,"column":5}},"13":{"start":{"line":57,"column":5},"end":{"line":60,"column":6}},"14":{"start":{"line":58,"column":6},"end":{"line":58,"column":36}},"15":{"start":{"line":59,"column":6},"end":{"line":59,"column":15}},"16":{"start":{"line":62,"column":5},"end":{"line":62,"column":25}},"17":{"start":{"line":65,"column":4},"end":{"line":65,"column":9}},"18":{"start":{"line":71,"column":2},"end":{"line":71,"column":51}},"19":{"start":{"line":73,"column":18},"end":{"line":73,"column":99}},"20":{"start":{"line":74,"column":28},"end":{"line":74,"column":74}},"21":{"start":{"line":75,"column":23},"end":{"line":75,"column":85}},"22":{"start":{"line":77,"column":2},"end":{"line":81,"column":4}},"23":{"start":{"line":86,"column":2},"end":{"line":86,"column":34}},"24":{"start":{"line":90,"column":2},"end":{"line":90,"column":41}},"25":{"start":{"line":94,"column":2},"end":{"line":121,"column":3}},"26":{"start":{"line":95,"column":16},"end":{"line":99,"column":4}},"27":{"start":{"line":105,"column":7},"end":{"line":105,"column":36}},"28":{"start":{"line":107,"column":3},"end":{"line":110,"column":6}},"29":{"start":{"line":112,"column":29},"end":{"line":112,"column":74}},"30":{"start":{"line":112,"column":60},"end":{"line":112,"column":73}},"31":{"start":{"line":114,"column":3},"end":{"line":114,"column":41}},"32":{"start":{"line":114,"column":13},"end":{"line":114,"column":41}},"33":{"start":{"line":116,"column":3},"end":{"line":116,"column":55}},"34":{"start":{"line":119,"column":3},"end":{"line":119,"column":49}},"35":{"start":{"line":120,"column":3},"end":{"line":120,"column":26}},"36":{"start":{"line":126,"column":2},"end":{"line":126,"column":39}},"37":{"start":{"line":131,"column":23},"end":{"line":131,"column":50}},"38":{"start":{"line":133,"column":2},"end":{"line":133,"column":40}},"39":{"start":{"line":135,"column":19},"end":{"line":135,"column":40}},"40":{"start":{"line":137,"column":2},"end":{"line":140,"column":4}},"41":{"start":{"line":145,"column":25},"end":{"line":145,"column":53}},"42":{"start":{"line":147,"column":2},"end":{"line":150,"column":4}}},"fnMap":{"0":{"name":"(anonymous_0)","decl":{"start":{"line":27,"column":1},"end":{"line":27,"column":2}},"loc":{"start":{"line":27,"column":15},"end":{"line":34,"column":2}},"line":27},"1":{"name":"(anonymous_1)","decl":{"start":{"line":36,"column":1},"end":{"line":36,"column":2}},"loc":{"start":{"line":36,"column":21},"end":{"line":46,"column":2}},"line":36},"2":{"name":"(anonymous_2)","decl":{"start":{"line":48,"column":1},"end":{"line":48,"column":2}},"loc":{"start":{"line":48,"column":23},"end":{"line":50,"column":2}},"line":48},"3":{"name":"(anonymous_3)","decl":{"start":{"line":52,"column":1},"end":{"line":52,"column":2}},"loc":{"start":{"line":52,"column":13},"end":{"line":68,"column":2}},"line":52},"4":{"name":"(anonymous_4)","decl":{"start":{"line":54,"column":9},"end":{"line":54,"column":10}},"loc":{"start":{"line":54,"column":29},"end":{"line":66,"column":4}},"line":54},"5":{"name":"(anonymous_5)","decl":{"start":{"line":70,"column":1},"end":{"line":70,"column":2}},"loc":{"start":{"line":70,"column":24},"end":{"line":83,"column":2}},"line":70},"6":{"name":"(anonymous_6)","decl":{"start":{"line":85,"column":1},"end":{"line":85,"column":2}},"loc":{"start":{"line":85,"column":17},"end":{"line":87,"column":2}},"line":85},"7":{"name":"(anonymous_7)","decl":{"start":{"line":89,"column":1},"end":{"line":89,"column":2}},"loc":{"start":{"line":89,"column":25},"end":{"line":91,"column":2}},"line":89},"8":{"name":"(anonymous_8)","decl":{"start":{"line":93,"column":1},"end":{"line":93,"column":2}},"loc":{"start":{"line":93,"column":23},"end":{"line":122,"column":2}},"line":93},"9":{"name":"(anonymous_9)","decl":{"start":{"line":112,"column":50},"end":{"line":112,"column":51}},"loc":{"start":{"line":112,"column":60},"end":{"line":112,"column":73}},"line":112},"10":{"name":"(anonymous_10)","decl":{"start":{"line":124,"column":1},"end":{"line":124,"column":2}},"loc":{"start":{"line":124,"column":28},"end":{"line":127,"column":2}},"line":124},"11":{"name":"(anonymous_11)","decl":{"start":{"line":129,"column":1},"end":{"line":129,"column":2}},"loc":{"start":{"line":129,"column":25},"end":{"line":141,"column":2}},"line":129},"12":{"name":"(anonymous_12)","decl":{"start":{"line":144,"column":1},"end":{"line":144,"column":2}},"loc":{"start":{"line":144,"column":27},"end":{"line":151,"column":2}},"line":144}},"branchMap":{"0":{"loc":{"start":{"line":57,"column":5},"end":{"line":60,"column":6}},"type":"if","locations":[{"start":{"line":57,"column":5},"end":{"line":60,"column":6}},{"start":{},"end":{}}],"line":57},"1":{"loc":{"start":{"line":114,"column":3},"end":{"line":114,"column":41}},"type":"if","locations":[{"start":{"line":114,"column":3},"end":{"line":114,"column":41}},{"start":{},"end":{}}],"line":114}},"s":{"0":1,"1":1,"2":1,"3":1,"4":1,"5":1,"6":0,"7":0,"8":0,"9":0,"10":0,"11":0,"12":0,"13":0,"14":0,"15":0,"16":0,"17":0,"18":0,"19":0,"20":0,"21":0,"22":0,"23":0,"24":0,"25":0,"26":0,"27":0,"28":0,"29":0,"30":0,"31":0,"32":0,"33":0,"34":0,"35":0,"36":0,"37":0,"38":0,"39":0,"40":0,"41":0,"42":0},"f":{"0":1,"1":0,"2":0,"3":0,"4":0,"5":0,"6":0,"7":0,"8":0,"9":0,"10":0,"11":0,"12":0},"b":{"0":[0,0],"1":[0,0]},"_coverageSchema":"1a1c01bbd47fc00a2c39e90264f33305004495a9","hash":"cdb24af5e3f6892220e69014b2eff75779f66d50"}
,"/spotify-radio/server/util.js": {"path":"/spotify-radio/server/util.js","statementMap":{"0":{"start":{"line":4,"column":12},"end":{"line":12,"column":2}},"1":{"start":{"line":14,"column":22},"end":{"line":14,"column":25}}},"fnMap":{},"branchMap":{},"s":{"0":1,"1":1},"f":{},"b":{},"_coverageSchema":"1a1c01bbd47fc00a2c39e90264f33305004495a9","hash":"9164026e8762c88edd67d9a2b152bfe7ea4d92a6"}
}
