TN:
SF:server/config.js
FNF:0
FNH:0
DA:4,1
DA:5,1
DA:6,1
DA:7,1
DA:8,1
LF:5
LH:5
BRDA:11,0,0,1
BRDA:11,0,1,1
BRF:2
BRH:2
end_of_record
TN:
SF:server/controller.js
FN:6,(anonymous_0)
FN:10,(anonymous_1)
FN:14,(anonymous_2)
FN:33,(anonymous_3)
FN:36,(anonymous_4)
FNF:5
FNH:1
FNDA:1,(anonymous_0)
FNDA:0,(anonymous_1)
FNDA:0,(anonymous_2)
FNDA:0,(anonymous_3)
FNDA:0,(anonymous_4)
DA:7,1
DA:11,0
DA:15,0
DA:16,0
DA:18,0
DA:22,0
DA:23,0
DA:24,0
DA:27,0
DA:28,0
DA:29,0
DA:34,0
DA:36,0
DA:37,0
DA:38,0
DA:41,0
LF:16
LH:1
BRDA:22,0,0,0
BRDA:22,0,1,0
BRDA:27,1,0,0
BRDA:27,1,1,0
BRF:4
BRH:0
end_of_record
TN:
SF:server/routes.js
FN:19,routes
FN:92,handlerError
FN:104,handler
FN:105,(anonymous_3)
FNF:4
FNH:4
FNDA:1,routes
FNDA:1,handlerError
FNDA:1,handler
FNDA:1,(anonymous_3)
DA:15,1
DA:17,1
DA:20,1
DA:22,1
DA:23,0
DA:27,0
DA:30,1
DA:31,0
DA:40,0
DA:43,1
DA:44,0
DA:46,0
DA:49,1
DA:50,0
DA:52,0
DA:53,0
DA:59,0
DA:62,1
DA:63,1
DA:64,1
DA:65,1
DA:66,0
DA:69,0
DA:71,0
DA:74,0
DA:75,0
DA:76,0
DA:78,0
DA:79,0
DA:85,0
DA:88,0
DA:89,0
DA:93,1
DA:94,0
DA:95,0
DA:96,0
DA:99,1
DA:100,1
DA:101,1
DA:105,1
LF:40
LH:16
BRDA:22,0,0,0
BRDA:22,0,1,1
BRDA:22,1,0,1
BRDA:22,1,1,0
BRDA:30,2,0,0
BRDA:30,2,1,1
BRDA:30,3,0,1
BRDA:30,3,1,0
BRDA:43,4,0,0
BRDA:43,4,1,1
BRDA:43,5,0,1
BRDA:43,5,1,0
BRDA:49,6,0,0
BRDA:49,6,1,1
BRDA:49,7,0,1
BRDA:49,7,1,0
BRDA:62,8,0,1
BRDA:62,8,1,0
BRDA:62,9,0,1
BRDA:62,9,1,1
BRDA:74,10,0,0
BRDA:74,10,1,0
BRDA:78,11,0,0
BRDA:78,11,1,0
BRDA:93,12,0,0
BRDA:93,12,1,1
BRF:26
BRH:12
end_of_record
TN:
SF:server/service.js
FN:27,(anonymous_0)
FN:36,(anonymous_1)
FN:48,(anonymous_2)
FN:52,(anonymous_3)
FN:54,(anonymous_4)
FN:70,(anonymous_5)
FN:85,(anonymous_6)
FN:89,(anonymous_7)
FN:93,(anonymous_8)
FN:112,(anonymous_9)
FN:124,(anonymous_10)
FN:129,(anonymous_11)
FN:144,(anonymous_12)
FNF:13
FNH:1
FNDA:1,(anonymous_0)
FNDA:0,(anonymous_1)
FNDA:0,(anonymous_2)
FNDA:0,(anonymous_3)
FNDA:0,(anonymous_4)
FNDA:0,(anonymous_5)
FNDA:0,(anonymous_6)
FNDA:0,(anonymous_7)
FNDA:0,(anonymous_8)
FNDA:0,(anonymous_9)
FNDA:0,(anonymous_10)
FNDA:0,(anonymous_11)
FNDA:0,(anonymous_12)
DA:23,1
DA:28,1
DA:29,1
DA:30,1
DA:31,1
DA:32,1
DA:37,0
DA:38,0
DA:40,0
DA:42,0
DA:49,0
DA:53,0
DA:55,0
DA:57,0
DA:58,0
DA:59,0
DA:62,0
DA:65,0
DA:71,0
DA:73,0
DA:74,0
DA:75,0
DA:77,0
DA:86,0
DA:90,0
DA:94,0
DA:95,0
DA:105,0
DA:107,0
DA:112,0
DA:114,0
DA:116,0
DA:119,0
DA:120,0
DA:126,0
DA:131,0
DA:133,0
DA:135,0
DA:137,0
DA:145,0
DA:147,0
LF:41
LH:6
BRDA:57,0,0,0
BRDA:57,0,1,0
BRDA:114,1,0,0
BRDA:114,1,1,0
BRF:4
BRH:0
end_of_record
TN:
SF:server/util.js
FNF:0
FNH:0
DA:4,1
DA:14,1
LF:2
LH:2
BRF:0
BRH:0
end_of_record
