{"/home/jose/Documentos/workspace/spotify/server/config.js": {"path":"/home/jose/Documentos/workspace/spotify/server/config.js","statementMap":{"0":{"start":{"line":4,"column":19},"end":{"line":4,"column":58}},"1":{"start":{"line":5,"column":13},"end":{"line":5,"column":36}},"2":{"start":{"line":6,"column":23},"end":{"line":6,"column":42}},"3":{"start":{"line":7,"column":24},"end":{"line":7,"column":44}}},"fnMap":{},"branchMap":{"0":{"loc":{"start":{"line":10,"column":7},"end":{"line":10,"column":31}},"type":"binary-expr","locations":[{"start":{"line":10,"column":7},"end":{"line":10,"column":23}},{"start":{"line":10,"column":27},"end":{"line":10,"column":31}}],"line":10}},"s":{"0":3,"1":3,"2":3,"3":3},"f":{},"b":{"0":[3,3]},"_coverageSchema":"1a1c01bbd47fc00a2c39e90264f33305004495a9","hash":"caf77475a7983009bdab7496c010314c0d666651"}
,"/home/jose/Documentos/workspace/spotify/server/controller.js": {"path":"/home/jose/Documentos/workspace/spotify/server/controller.js","statementMap":{"0":{"start":{"line":7,"column":2},"end":{"line":7,"column":31}},"1":{"start":{"line":11,"column":2},"end":{"line":11,"column":46}}},"fnMap":{"0":{"name":"(anonymous_0)","decl":{"start":{"line":6,"column":1},"end":{"line":6,"column":2}},"loc":{"start":{"line":6,"column":15},"end":{"line":8,"column":2}},"line":6},"1":{"name":"(anonymous_1)","decl":{"start":{"line":10,"column":1},"end":{"line":10,"column":2}},"loc":{"start":{"line":10,"column":30},"end":{"line":12,"column":2}},"line":10}},"branchMap":{},"s":{"0":2,"1":1},"f":{"0":2,"1":1},"b":{},"_coverageSchema":"1a1c01bbd47fc00a2c39e90264f33305004495a9","hash":"08f91e2557597f6c79cf3cd3b8b741a66a602ae1"}
,"/home/jose/Documentos/workspace/spotify/server/routes.js": {"path":"/home/jose/Documentos/workspace/spotify/server/routes.js","statementMap":{"0":{"start":{"line":14,"column":4},"end":{"line":14,"column":10}},"1":{"start":{"line":16,"column":19},"end":{"line":16,"column":35}},"2":{"start":{"line":19,"column":25},"end":{"line":19,"column":32}},"3":{"start":{"line":21,"column":1},"end":{"line":27,"column":2}},"4":{"start":{"line":22,"column":2},"end":{"line":24,"column":5}},"5":{"start":{"line":26,"column":2},"end":{"line":26,"column":24}},"6":{"start":{"line":29,"column":1},"end":{"line":40,"column":2}},"7":{"start":{"line":30,"column":21},"end":{"line":30,"column":61}},"8":{"start":{"line":39,"column":2},"end":{"line":39,"column":31}},"9":{"start":{"line":42,"column":1},"end":{"line":46,"column":2}},"10":{"start":{"line":43,"column":21},"end":{"line":43,"column":67}},"11":{"start":{"line":45,"column":2},"end":{"line":45,"column":31}},"12":{"start":{"line":48,"column":1},"end":{"line":60,"column":2}},"13":{"start":{"line":49,"column":27},"end":{"line":49,"column":62}},"14":{"start":{"line":50,"column":23},"end":{"line":50,"column":41}},"15":{"start":{"line":52,"column":2},"end":{"line":56,"column":3}},"16":{"start":{"line":53,"column":3},"end":{"line":55,"column":6}},"17":{"start":{"line":59,"column":2},"end":{"line":59,"column":31}},"18":{"start":{"line":62,"column":1},"end":{"line":62,"column":25}},"19":{"start":{"line":63,"column":1},"end":{"line":63,"column":23}},"20":{"start":{"line":67,"column":1},"end":{"line":71,"column":2}},"21":{"start":{"line":68,"column":2},"end":{"line":68,"column":48}},"22":{"start":{"line":69,"column":2},"end":{"line":69,"column":26}},"23":{"start":{"line":70,"column":2},"end":{"line":70,"column":24}},"24":{"start":{"line":73,"column":1},"end":{"line":73,"column":52}},"25":{"start":{"line":74,"column":1},"end":{"line":74,"column":25}},"26":{"start":{"line":75,"column":1},"end":{"line":75,"column":23}},"27":{"start":{"line":79,"column":1},"end":{"line":79,"column":80}},"28":{"start":{"line":79,"column":49},"end":{"line":79,"column":78}}},"fnMap":{"0":{"name":"routes","decl":{"start":{"line":18,"column":15},"end":{"line":18,"column":21}},"loc":{"start":{"line":18,"column":41},"end":{"line":64,"column":1}},"line":18},"1":{"name":"handlerError","decl":{"start":{"line":66,"column":9},"end":{"line":66,"column":21}},"loc":{"start":{"line":66,"column":38},"end":{"line":76,"column":1}},"line":66},"2":{"name":"handler","decl":{"start":{"line":78,"column":16},"end":{"line":78,"column":23}},"loc":{"start":{"line":78,"column":43},"end":{"line":80,"column":1}},"line":78},"3":{"name":"(anonymous_3)","decl":{"start":{"line":79,"column":40},"end":{"line":79,"column":41}},"loc":{"start":{"line":79,"column":49},"end":{"line":79,"column":78}},"line":79}},"branchMap":{"0":{"loc":{"start":{"line":21,"column":1},"end":{"line":27,"column":2}},"type":"if","locations":[{"start":{"line":21,"column":1},"end":{"line":27,"column":2}},{"start":{},"end":{}}],"line":21},"1":{"loc":{"start":{"line":21,"column":4},"end":{"line":21,"column":35}},"type":"binary-expr","locations":[{"start":{"line":21,"column":4},"end":{"line":21,"column":20}},{"start":{"line":21,"column":24},"end":{"line":21,"column":35}}],"line":21},"2":{"loc":{"start":{"line":29,"column":1},"end":{"line":40,"column":2}},"type":"if","locations":[{"start":{"line":29,"column":1},"end":{"line":40,"column":2}},{"start":{},"end":{}}],"line":29},"3":{"loc":{"start":{"line":29,"column":4},"end":{"line":29,"column":39}},"type":"binary-expr","locations":[{"start":{"line":29,"column":4},"end":{"line":29,"column":20}},{"start":{"line":29,"column":24},"end":{"line":29,"column":39}}],"line":29},"4":{"loc":{"start":{"line":42,"column":1},"end":{"line":46,"column":2}},"type":"if","locations":[{"start":{"line":42,"column":1},"end":{"line":46,"column":2}},{"start":{},"end":{}}],"line":42},"5":{"loc":{"start":{"line":42,"column":4},"end":{"line":42,"column":45}},"type":"binary-expr","locations":[{"start":{"line":42,"column":4},"end":{"line":42,"column":20}},{"start":{"line":42,"column":24},"end":{"line":42,"column":45}}],"line":42},"6":{"loc":{"start":{"line":48,"column":1},"end":{"line":60,"column":2}},"type":"if","locations":[{"start":{"line":48,"column":1},"end":{"line":60,"column":2}},{"start":{},"end":{}}],"line":48},"7":{"loc":{"start":{"line":52,"column":2},"end":{"line":56,"column":3}},"type":"if","locations":[{"start":{"line":52,"column":2},"end":{"line":56,"column":3}},{"start":{},"end":{}}],"line":52},"8":{"loc":{"start":{"line":67,"column":1},"end":{"line":71,"column":2}},"type":"if","locations":[{"start":{"line":67,"column":1},"end":{"line":71,"column":2}},{"start":{},"end":{}}],"line":67}},"s":{"0":1,"1":1,"2":8,"3":8,"4":1,"5":1,"6":7,"7":1,"8":1,"9":6,"10":1,"11":1,"12":5,"13":4,"14":2,"15":2,"16":1,"17":2,"18":1,"19":1,"20":2,"21":1,"22":1,"23":1,"24":1,"25":1,"26":1,"27":8,"28":2},"f":{"0":8,"1":2,"2":8,"3":2},"b":{"0":[1,7],"1":[8,7],"2":[1,6],"3":[7,6],"4":[1,5],"5":[6,5],"6":[4,1],"7":[1,1],"8":[1,1]},"_coverageSchema":"1a1c01bbd47fc00a2c39e90264f33305004495a9","hash":"5d6d5f87b38d67758e23062da0c945e17ae395d5"}
,"/home/jose/Documentos/workspace/spotify/server/service.js": {"path":"/home/jose/Documentos/workspace/spotify/server/service.js","statementMap":{"0":{"start":{"line":10,"column":3},"end":{"line":10,"column":9}},"1":{"start":{"line":16,"column":2},"end":{"line":16,"column":39}},"2":{"start":{"line":21,"column":23},"end":{"line":21,"column":50}},"3":{"start":{"line":23,"column":2},"end":{"line":23,"column":40}},"4":{"start":{"line":25,"column":19},"end":{"line":25,"column":40}},"5":{"start":{"line":27,"column":2},"end":{"line":30,"column":4}},"6":{"start":{"line":35,"column":25},"end":{"line":35,"column":53}},"7":{"start":{"line":37,"column":2},"end":{"line":40,"column":4}}},"fnMap":{"0":{"name":"(anonymous_0)","decl":{"start":{"line":14,"column":1},"end":{"line":14,"column":2}},"loc":{"start":{"line":14,"column":28},"end":{"line":17,"column":2}},"line":14},"1":{"name":"(anonymous_1)","decl":{"start":{"line":19,"column":1},"end":{"line":19,"column":2}},"loc":{"start":{"line":19,"column":25},"end":{"line":31,"column":2}},"line":19},"2":{"name":"(anonymous_2)","decl":{"start":{"line":34,"column":1},"end":{"line":34,"column":2}},"loc":{"start":{"line":34,"column":27},"end":{"line":41,"column":2}},"line":34}},"branchMap":{},"s":{"0":3,"1":2,"2":2,"3":2,"4":2,"5":2,"6":1,"7":1},"f":{"0":2,"1":2,"2":1},"b":{},"_coverageSchema":"1a1c01bbd47fc00a2c39e90264f33305004495a9","hash":"b833e24773ec113a3cf85c172f6e4b3548eb8ff3"}
,"/home/jose/Documentos/workspace/spotify/server/util.js": {"path":"/home/jose/Documentos/workspace/spotify/server/util.js","statementMap":{"0":{"start":{"line":4,"column":12},"end":{"line":12,"column":2}},"1":{"start":{"line":14,"column":22},"end":{"line":14,"column":25}}},"fnMap":{},"branchMap":{},"s":{"0":1,"1":1},"f":{},"b":{},"_coverageSchema":"1a1c01bbd47fc00a2c39e90264f33305004495a9","hash":"62e63eb491b2f3e0f1b514ce2d5b28c7618c9acc"}
}
