TN:
SF:server/config.js
FNF:0
FNH:0
DA:4,3
DA:5,3
DA:6,3
DA:7,3
LF:4
LH:4
BRDA:10,0,0,3
BRDA:10,0,1,3
BRF:2
BRH:2
end_of_record
TN:
SF:server/controller.js
FN:6,(anonymous_0)
FN:10,(anonymous_1)
FNF:2
FNH:2
FNDA:2,(anonymous_0)
FNDA:1,(anonymous_1)
DA:7,2
DA:11,1
LF:2
LH:2
BRF:0
BRH:0
end_of_record
TN:
SF:server/routes.js
FN:18,routes
FN:66,handlerError
FN:78,handler
FN:79,(anonymous_3)
FNF:4
FNH:4
FNDA:8,routes
FNDA:2,handlerError
FNDA:8,handler
FNDA:2,(anonymous_3)
DA:14,1
DA:16,1
DA:19,8
DA:21,8
DA:22,1
DA:26,1
DA:29,7
DA:30,1
DA:39,1
DA:42,6
DA:43,1
DA:45,1
DA:48,5
DA:49,4
DA:50,2
DA:52,2
DA:53,1
DA:59,2
DA:62,1
DA:63,1
DA:67,2
DA:68,1
DA:69,1
DA:70,1
DA:73,1
DA:74,1
DA:75,1
DA:79,8
LF:28
LH:28
BRDA:21,0,0,1
BRDA:21,0,1,7
BRDA:21,1,0,8
BRDA:21,1,1,7
BRDA:29,2,0,1
BRDA:29,2,1,6
BRDA:29,3,0,7
BRDA:29,3,1,6
BRDA:42,4,0,1
BRDA:42,4,1,5
BRDA:42,5,0,6
BRDA:42,5,1,5
BRDA:48,6,0,4
BRDA:48,6,1,1
BRDA:52,7,0,1
BRDA:52,7,1,1
BRDA:67,8,0,1
BRDA:67,8,1,1
BRF:18
BRH:18
end_of_record
TN:
SF:server/service.js
FN:14,(anonymous_0)
FN:19,(anonymous_1)
FN:34,(anonymous_2)
FNF:3
FNH:3
FNDA:2,(anonymous_0)
FNDA:2,(anonymous_1)
FNDA:1,(anonymous_2)
DA:10,3
DA:16,2
DA:21,2
DA:23,2
DA:25,2
DA:27,2
DA:35,1
DA:37,1
LF:8
LH:8
BRF:0
BRH:0
end_of_record
TN:
SF:server/util.js
FNF:0
FNH:0
DA:4,1
DA:14,1
LF:2
LH:2
BRF:0
BRH:0
end_of_record
